mTPMobile/build/outputs/logs/manifest-merger-debug-report.txt
-- Merging decision tree log ---
manifest
ADDED from AndroidManifest.xml:2:1
	package
		ADDED from AndroidManifest.xml:3:5
		INJECTED from AndroidManifest.xml:0:0
		INJECTED from AndroidManifest.xml:0:0
	android:versionName
		ADDED from AndroidManifest.xml:5:5
	android:versionCode
		ADDED from AndroidManifest.xml:4:5
		INJECTED from AndroidManifest.xml:0:0
		INJECTED from AndroidManifest.xml:0:0
	xmlns:android
		ADDED from AndroidManifest.xml:2:11
uses-sdk
ADDED from AndroidManifest.xml:7:5
MERGED from com.android.support:multidex:1.0.1:18:5
MERGED from MTP Mobile1:pagerSlidingTabStrip:unspecified:5:5
MERGED from com.android.support:support-v4:23.4.0:20:5
MERGED from com.android.support:appcompat-v7:23.0.1:20:5
MERGED from com.android.support:support-v4:23.4.0:20:5
MERGED from com.android.support:appcompat-v7:23.0.1:20:5
MERGED from com.android.support:support-v4:23.4.0:20:5
MERGED from com.android.support:support-v4:23.4.0:20:5
MERGED from com.google.android.gms:play-services:9.2.0:4:5
MERGED from com.google.android.gms:play-services-ads:9.2.0:19:5
MERGED from com.google.android.gms:play-services-ads-lite:9.2.0:23:5
MERGED from com.google.android.gms:play-services-basement:9.2.0:18:5
MERGED from com.android.support:support-v4:23.4.0:20:5
MERGED from com.google.android.gms:play-services-base:9.2.0:18:5
MERGED from com.google.android.gms:play-services-basement:9.2.0:18:5
MERGED from com.android.support:support-v4:23.4.0:20:5
MERGED from com.google.android.gms:play-services-tasks:9.2.0:4:5
MERGED from com.google.android.gms:play-services-basement:9.2.0:18:5
MERGED from com.android.support:support-v4:23.4.0:20:5
MERGED from com.google.android.gms:play-services-clearcut:9.2.0:18:5
MERGED from com.google.android.gms:play-services-base:9.2.0:18:5
MERGED from com.google.android.gms:play-services-basement:9.2.0:18:5
MERGED from com.android.support:support-v4:23.4.0:20:5
MERGED from com.google.android.gms:play-services-tasks:9.2.0:4:5
MERGED from com.google.android.gms:play-services-basement:9.2.0:18:5
MERGED from com.android.support:support-v4:23.4.0:20:5
MERGED from com.google.android.gms:play-services-basement:9.2.0:18:5
MERGED from com.android.support:support-v4:23.4.0:20:5
MERGED from com.google.android.gms:play-services-basement:9.2.0:18:5
MERGED from com.android.support:support-v4:23.4.0:20:5
MERGED from com.google.android.gms:play-services-gass:9.2.0:18:5
MERGED from com.google.android.gms:play-services-basement:9.2.0:18:5
MERGED from com.android.support:support-v4:23.4.0:20:5
MERGED from com.google.android.gms:play-services-ads-lite:9.2.0:23:5
MERGED from com.google.android.gms:play-services-basement:9.2.0:18:5
MERGED from com.android.support:support-v4:23.4.0:20:5
MERGED from com.google.android.gms:play-services-analytics:9.2.0:18:5
MERGED from com.google.android.gms:play-services-analytics-impl:9.2.0:18:5
MERGED from com.google.android.gms:play-services-base:9.2.0:18:5
MERGED from com.google.android.gms:play-services-basement:9.2.0:18:5
MERGED from com.android.support:support-v4:23.4.0:20:5
MERGED from com.google.android.gms:play-services-tasks:9.2.0:4:5
MERGED from com.google.android.gms:play-services-basement:9.2.0:18:5
MERGED from com.android.support:support-v4:23.4.0:20:5
MERGED from com.google.android.gms:play-services-basement:9.2.0:18:5
MERGED from com.android.support:support-v4:23.4.0:20:5
MERGED from com.google.android.gms:play-services-base:9.2.0:18:5
MERGED from com.google.android.gms:play-services-basement:9.2.0:18:5
MERGED from com.android.support:support-v4:23.4.0:20:5
MERGED from com.google.android.gms:play-services-tasks:9.2.0:4:5
MERGED from com.google.android.gms:play-services-basement:9.2.0:18:5
MERGED from com.android.support:support-v4:23.4.0:20:5
MERGED from com.google.android.gms:play-services-basement:9.2.0:18:5
MERGED from com.android.support:support-v4:23.4.0:20:5
MERGED from com.google.android.gms:play-services-analytics-impl:9.2.0:18:5
MERGED from com.google.android.gms:play-services-base:9.2.0:18:5
MERGED from com.google.android.gms:play-services-basement:9.2.0:18:5
MERGED from com.android.support:support-v4:23.4.0:20:5
MERGED from com.google.android.gms:play-services-tasks:9.2.0:4:5
MERGED from com.google.android.gms:play-services-basement:9.2.0:18:5
MERGED from com.android.support:support-v4:23.4.0:20:5
MERGED from com.google.android.gms:play-services-basement:9.2.0:18:5
MERGED from com.android.support:support-v4:23.4.0:20:5
MERGED from com.google.android.gms:play-services-appinvite:9.2.0:18:5
MERGED from com.google.android.gms:play-services-base:9.2.0:18:5
MERGED from com.google.android.gms:play-services-basement:9.2.0:18:5
MERGED from com.android.support:support-v4:23.4.0:20:5
MERGED from com.google.android.gms:play-services-tasks:9.2.0:4:5
MERGED from com.google.android.gms:play-services-basement:9.2.0:18:5
MERGED from com.android.support:support-v4:23.4.0:20:5
MERGED from com.google.android.gms:play-services-basement:9.2.0:18:5
MERGED from com.android.support:support-v4:23.4.0:20:5
MERGED from com.google.android.gms:play-services-auth:9.2.0:18:5
MERGED from com.google.android.gms:play-services-auth-base:9.2.0:5:5
MERGED from com.google.android.gms:play-services-base:9.2.0:18:5
MERGED from com.google.android.gms:play-services-basement:9.2.0:18:5
MERGED from com.android.support:support-v4:23.4.0:20:5
MERGED from com.google.android.gms:play-services-tasks:9.2.0:4:5
MERGED from com.google.android.gms:play-services-basement:9.2.0:18:5
MERGED from com.android.support:support-v4:23.4.0:20:5
MERGED from com.google.android.gms:play-services-basement:9.2.0:18:5
MERGED from com.android.support:support-v4:23.4.0:20:5
MERGED from com.google.android.gms:play-services-base:9.2.0:18:5
MERGED from com.google.android.gms:play-services-basement:9.2.0:18:5
MERGED from com.android.support:support-v4:23.4.0:20:5
MERGED from com.google.android.gms:play-services-tasks:9.2.0:4:5
MERGED from com.google.android.gms:play-services-basement:9.2.0:18:5
MERGED from com.android.support:support-v4:23.4.0:20:5
MERGED from com.google.android.gms:play-services-basement:9.2.0:18:5
MERGED from com.android.support:support-v4:23.4.0:20:5
MERGED from com.google.android.gms:play-services-auth-base:9.2.0:5:5
MERGED from com.google.android.gms:play-services-base:9.2.0:18:5
MERGED from com.google.android.gms:play-services-basement:9.2.0:18:5
MERGED from com.android.support:support-v4:23.4.0:20:5
MERGED from com.google.android.gms:play-services-tasks:9.2.0:4:5
MERGED from com.google.android.gms:play-services-basement:9.2.0:18:5
MERGED from com.android.support:support-v4:23.4.0:20:5
MERGED from com.google.android.gms:play-services-basement:9.2.0:18:5
MERGED from com.android.support:support-v4:23.4.0:20:5
MERGED from com.google.android.gms:play-services-base:9.2.0:18:5
MERGED from com.google.android.gms:play-services-basement:9.2.0:18:5
MERGED from com.android.support:support-v4:23.4.0:20:5
MERGED from com.google.android.gms:play-services-tasks:9.2.0:4:5
MERGED from com.google.android.gms:play-services-basement:9.2.0:18:5
MERGED from com.android.support:support-v4:23.4.0:20:5
MERGED from com.google.android.gms:play-services-cast-framework:9.2.0:4:5
MERGED from com.google.android.gms:play-services-base:9.2.0:18:5
MERGED from com.google.android.gms:play-services-basement:9.2.0:18:5
MERGED from com.android.support:support-v4:23.4.0:20:5
MERGED from com.google.android.gms:play-services-tasks:9.2.0:4:5
MERGED from com.google.android.gms:play-services-basement:9.2.0:18:5
MERGED from com.android.support:support-v4:23.4.0:20:5
MERGED from com.google.android.gms:play-services-cast:9.2.0:18:5
MERGED from com.google.android.gms:play-services-base:9.2.0:18:5
MERGED from com.google.android.gms:play-services-basement:9.2.0:18:5
MERGED from com.android.support:support-v4:23.4.0:20:5
MERGED from com.google.android.gms:play-services-tasks:9.2.0:4:5
MERGED from com.google.android.gms:play-services-basement:9.2.0:18:5
MERGED from com.android.support:support-v4:23.4.0:20:5
MERGED from com.google.android.gms:play-services-basement:9.2.0:18:5
MERGED from com.android.support:support-v4:23.4.0:20:5
MERGED from com.android.support:mediarouter-v7:23.0.0:20:5
MERGED from com.android.support:appcompat-v7:23.0.1:20:5
MERGED from com.android.support:support-v4:23.4.0:20:5
MERGED from com.google.android.gms:play-services-basement:9.2.0:18:5
MERGED from com.android.support:support-v4:23.4.0:20:5
MERGED from com.google.android.gms:play-services-cast:9.2.0:18:5
MERGED from com.google.android.gms:play-services-base:9.2.0:18:5
MERGED from com.google.android.gms:play-services-basement:9.2.0:18:5
MERGED from com.android.support:support-v4:23.4.0:20:5
MERGED from com.google.android.gms:play-services-tasks:9.2.0:4:5
MERGED from com.google.android.gms:play-services-basement:9.2.0:18:5
MERGED from com.android.support:support-v4:23.4.0:20:5
MERGED from com.google.android.gms:play-services-basement:9.2.0:18:5
MERGED from com.android.support:support-v4:23.4.0:20:5
MERGED from com.android.support:mediarouter-v7:23.0.0:20:5
MERGED from com.android.support:appcompat-v7:23.0.1:20:5
MERGED from com.android.support:support-v4:23.4.0:20:5
MERGED from com.google.android.gms:play-services-clearcut:9.2.0:18:5
MERGED from com.google.android.gms:play-services-base:9.2.0:18:5
MERGED from com.google.android.gms:play-services-basement:9.2.0:18:5
MERGED from com.android.support:support-v4:23.4.0:20:5
MERGED from com.google.android.gms:play-services-tasks:9.2.0:4:5
MERGED from com.google.android.gms:play-services-basement:9.2.0:18:5
MERGED from com.android.support:support-v4:23.4.0:20:5
MERGED from com.google.android.gms:play-services-basement:9.2.0:18:5
MERGED from com.android.support:support-v4:23.4.0:20:5
MERGED from com.google.android.gms:play-services-basement:9.2.0:18:5
MERGED from com.android.support:support-v4:23.4.0:20:5
MERGED from com.google.firebase:firebase-config:9.2.0:18:5
MERGED from com.google.android.gms:play-services-base:9.2.0:18:5
MERGED from com.google.android.gms:play-services-basement:9.2.0:18:5
MERGED from com.android.support:support-v4:23.4.0:20:5
MERGED from com.google.android.gms:play-services-tasks:9.2.0:4:5
MERGED from com.google.android.gms:play-services-basement:9.2.0:18:5
MERGED from com.android.support:support-v4:23.4.0:20:5
MERGED from com.google.android.gms:play-services-basement:9.2.0:18:5
MERGED from com.android.support:support-v4:23.4.0:20:5
MERGED from com.google.firebase:firebase-iid:9.2.0:18:5
MERGED from com.google.android.gms:play-services-basement:9.2.0:18:5
MERGED from com.android.support:support-v4:23.4.0:20:5
MERGED from com.google.firebase:firebase-common:9.2.0:4:5
MERGED from com.google.android.gms:play-services-basement:9.2.0:18:5
MERGED from com.android.support:support-v4:23.4.0:20:5
MERGED from com.google.android.gms:play-services-tasks:9.2.0:4:5
MERGED from com.google.android.gms:play-services-basement:9.2.0:18:5
MERGED from com.android.support:support-v4:23.4.0:20:5
MERGED from com.google.firebase:firebase-common:9.2.0:4:5
MERGED from com.google.android.gms:play-services-basement:9.2.0:18:5
MERGED from com.android.support:support-v4:23.4.0:20:5
MERGED from com.google.android.gms:play-services-tasks:9.2.0:4:5
MERGED from com.google.android.gms:play-services-basement:9.2.0:18:5
MERGED from com.android.support:support-v4:23.4.0:20:5
MERGED from com.google.android.gms:play-services-tasks:9.2.0:4:5
MERGED from com.google.android.gms:play-services-basement:9.2.0:18:5
MERGED from com.android.support:support-v4:23.4.0:20:5
MERGED from com.google.android.gms:play-services-contextmanager:9.2.0:18:5
MERGED from com.google.android.gms:play-services-base:9.2.0:18:5
MERGED from com.google.android.gms:play-services-basement:9.2.0:18:5
MERGED from com.android.support:support-v4:23.4.0:20:5
MERGED from com.google.android.gms:play-services-tasks:9.2.0:4:5
MERGED from com.google.android.gms:play-services-basement:9.2.0:18:5
MERGED from com.android.support:support-v4:23.4.0:20:5
MERGED from com.google.android.gms:play-services-basement:9.2.0:18:5
MERGED from com.android.support:support-v4:23.4.0:20:5
MERGED from com.google.android.gms:play-services-location:9.2.0:18:5
MERGED from com.google.android.gms:play-services-base:9.2.0:18:5
MERGED from com.google.android.gms:play-services-basement:9.2.0:18:5
MERGED from com.android.support:support-v4:23.4.0:20:5
MERGED from com.google.android.gms:play-services-tasks:9.2.0:4:5
MERGED from com.google.android.gms:play-services-basement:9.2.0:18:5
MERGED from com.android.support:support-v4:23.4.0:20:5
MERGED from com.google.android.gms:play-services-basement:9.2.0:18:5
MERGED from com.android.support:support-v4:23.4.0:20:5
MERGED from com.google.android.gms:play-services-places:9.2.0:18:5
MERGED from com.google.android.gms:play-services-base:9.2.0:18:5
MERGED from com.google.android.gms:play-services-basement:9.2.0:18:5
MERGED from com.android.support:support-v4:23.4.0:20:5
MERGED from com.google.android.gms:play-services-tasks:9.2.0:4:5
MERGED from com.google.android.gms:play-services-basement:9.2.0:18:5
MERGED from com.android.support:support-v4:23.4.0:20:5
MERGED from com.google.android.gms:play-services-basement:9.2.0:18:5
MERGED from com.android.support:support-v4:23.4.0:20:5
MERGED from com.google.android.gms:play-services-maps:9.2.0:26:5
MERGED from com.google.android.gms:play-services-base:9.2.0:18:5
MERGED from com.google.android.gms:play-services-basement:9.2.0:18:5
MERGED from com.android.support:support-v4:23.4.0:20:5
MERGED from com.google.android.gms:play-services-tasks:9.2.0:4:5
MERGED from com.google.android.gms:play-services-basement:9.2.0:18:5
MERGED from com.android.support:support-v4:23.4.0:20:5
MERGED from com.google.android.gms:play-services-basement:9.2.0:18:5
MERGED from com.android.support:support-v4:23.4.0:20:5
MERGED from com.google.firebase:firebase-crash:9.2.0:22:5
MERGED from com.google.android.gms:play-services-base:9.2.0:18:5
MERGED from com.google.android.gms:play-services-basement:9.2.0:18:5
MERGED from com.android.support:support-v4:23.4.0:20:5
MERGED from com.google.android.gms:play-services-tasks:9.2.0:4:5
MERGED from com.google.android.gms:play-services-basement:9.2.0:18:5
MERGED from com.android.support:support-v4:23.4.0:20:5
MERGED from com.google.android.gms:play-services-basement:9.2.0:18:5
MERGED from com.android.support:support-v4:23.4.0:20:5
MERGED from com.google.firebase:firebase-iid:9.2.0:18:5
MERGED from com.google.android.gms:play-services-basement:9.2.0:18:5
MERGED from com.android.support:support-v4:23.4.0:20:5
MERGED from com.google.firebase:firebase-common:9.2.0:4:5
MERGED from com.google.android.gms:play-services-basement:9.2.0:18:5
MERGED from com.android.support:support-v4:23.4.0:20:5
MERGED from com.google.android.gms:play-services-tasks:9.2.0:4:5
MERGED from com.google.android.gms:play-services-basement:9.2.0:18:5
MERGED from com.android.support:support-v4:23.4.0:20:5
MERGED from com.google.firebase:firebase-common:9.2.0:4:5
MERGED from com.google.android.gms:play-services-basement:9.2.0:18:5
MERGED from com.android.support:support-v4:23.4.0:20:5
MERGED from com.google.android.gms:play-services-tasks:9.2.0:4:5
MERGED from com.google.android.gms:play-services-basement:9.2.0:18:5
MERGED from com.android.support:support-v4:23.4.0:20:5
MERGED from com.google.firebase:firebase-analytics:9.2.0:18:5
MERGED from com.google.android.gms:play-services-basement:9.2.0:18:5
MERGED from com.android.support:support-v4:23.4.0:20:5
MERGED from com.google.firebase:firebase-common:9.2.0:4:5
MERGED from com.google.android.gms:play-services-basement:9.2.0:18:5
MERGED from com.android.support:support-v4:23.4.0:20:5
MERGED from com.google.android.gms:play-services-tasks:9.2.0:4:5
MERGED from com.google.android.gms:play-services-basement:9.2.0:18:5
MERGED from com.android.support:support-v4:23.4.0:20:5
MERGED from com.google.firebase:firebase-analytics-impl:9.2.0:18:5
MERGED from com.google.android.gms:play-services-basement:9.2.0:18:5
MERGED from com.android.support:support-v4:23.4.0:20:5
MERGED from com.google.firebase:firebase-iid:9.2.0:18:5
MERGED from com.google.android.gms:play-services-basement:9.2.0:18:5
MERGED from com.android.support:support-v4:23.4.0:20:5
MERGED from com.google.firebase:firebase-common:9.2.0:4:5
MERGED from com.google.android.gms:play-services-basement:9.2.0:18:5
MERGED from com.android.support:support-v4:23.4.0:20:5
MERGED from com.google.android.gms:play-services-tasks:9.2.0:4:5
MERGED from com.google.android.gms:play-services-basement:9.2.0:18:5
MERGED from com.android.support:support-v4:23.4.0:20:5
MERGED from com.google.firebase:firebase-common:9.2.0:4:5
MERGED from com.google.android.gms:play-services-basement:9.2.0:18:5
MERGED from com.android.support:support-v4:23.4.0:20:5
MERGED from com.google.android.gms:play-services-tasks:9.2.0:4:5
MERGED from com.google.android.gms:play-services-basement:9.2.0:18:5
MERGED from com.android.support:support-v4:23.4.0:20:5
MERGED from com.google.android.gms:play-services-drive:9.2.0:18:5
MERGED from com.google.android.gms:play-services-base:9.2.0:18:5
MERGED from com.google.android.gms:play-services-basement:9.2.0:18:5
MERGED from com.android.support:support-v4:23.4.0:20:5
MERGED from com.google.android.gms:play-services-tasks:9.2.0:4:5
MERGED from com.google.android.gms:play-services-basement:9.2.0:18:5
MERGED from com.android.support:support-v4:23.4.0:20:5
MERGED from com.google.android.gms:play-services-basement:9.2.0:18:5
MERGED from com.android.support:support-v4:23.4.0:20:5
MERGED from com.google.firebase:firebase-auth:9.2.0:18:5
MERGED from com.google.android.gms:play-services-base:9.2.0:18:5
MERGED from com.google.android.gms:play-services-basement:9.2.0:18:5
MERGED from com.android.support:support-v4:23.4.0:20:5
MERGED from com.google.android.gms:play-services-tasks:9.2.0:4:5
MERGED from com.google.android.gms:play-services-basement:9.2.0:18:5
MERGED from com.android.support:support-v4:23.4.0:20:5
MERGED from com.google.android.gms:play-services-basement:9.2.0:18:5
MERGED from com.android.support:support-v4:23.4.0:20:5
MERGED from com.google.firebase:firebase-auth-common:9.2.0:18:5
MERGED from com.google.android.gms:play-services-base:9.2.0:18:5
MERGED from com.google.android.gms:play-services-basement:9.2.0:18:5
MERGED from com.android.support:support-v4:23.4.0:20:5
MERGED from com.google.android.gms:play-services-tasks:9.2.0:4:5
MERGED from com.google.android.gms:play-services-basement:9.2.0:18:5
MERGED from com.android.support:support-v4:23.4.0:20:5
MERGED from com.google.android.gms:play-services-basement:9.2.0:18:5
MERGED from com.android.support:support-v4:23.4.0:20:5
MERGED from com.google.firebase:firebase-auth-module:9.2.0:4:5
MERGED from com.google.android.gms:play-services-base:9.2.0:18:5
MERGED from com.google.android.gms:play-services-basement:9.2.0:18:5
MERGED from com.android.support:support-v4:23.4.0:20:5
MERGED from com.google.android.gms:play-services-tasks:9.2.0:4:5
MERGED from com.google.android.gms:play-services-basement:9.2.0:18:5
MERGED from com.android.support:support-v4:23.4.0:20:5
MERGED from com.google.android.gms:play-services-basement:9.2.0:18:5
MERGED from com.android.support:support-v4:23.4.0:20:5
MERGED from com.google.firebase:firebase-common:9.2.0:4:5
MERGED from com.google.android.gms:play-services-basement:9.2.0:18:5
MERGED from com.android.support:support-v4:23.4.0:20:5
MERGED from com.google.android.gms:play-services-tasks:9.2.0:4:5
MERGED from com.google.android.gms:play-services-basement:9.2.0:18:5
MERGED from com.android.support:support-v4:23.4.0:20:5
MERGED from com.google.firebase:firebase-auth-module:9.2.0:4:5
MERGED from com.google.android.gms:play-services-base:9.2.0:18:5
MERGED from com.google.android.gms:play-services-basement:9.2.0:18:5
MERGED from com.android.support:support-v4:23.4.0:20:5
MERGED from com.google.android.gms:play-services-tasks:9.2.0:4:5
MERGED from com.google.android.gms:play-services-basement:9.2.0:18:5
MERGED from com.android.support:support-v4:23.4.0:20:5
MERGED from com.google.android.gms:play-services-basement:9.2.0:18:5
MERGED from com.android.support:support-v4:23.4.0:20:5
MERGED from com.google.firebase:firebase-common:9.2.0:4:5
MERGED from com.google.android.gms:play-services-basement:9.2.0:18:5
MERGED from com.android.support:support-v4:23.4.0:20:5
MERGED from com.google.android.gms:play-services-tasks:9.2.0:4:5
MERGED from com.google.android.gms:play-services-basement:9.2.0:18:5
MERGED from com.android.support:support-v4:23.4.0:20:5
MERGED from com.google.android.gms:play-services-tasks:9.2.0:4:5
MERGED from com.google.android.gms:play-services-basement:9.2.0:18:5
MERGED from com.android.support:support-v4:23.4.0:20:5
MERGED from com.google.firebase:firebase-auth-common:9.2.0:18:5
MERGED from com.google.android.gms:play-services-base:9.2.0:18:5
MERGED from com.google.android.gms:play-services-basement:9.2.0:18:5
MERGED from com.android.support:support-v4:23.4.0:20:5
MERGED from com.google.android.gms:play-services-tasks:9.2.0:4:5
MERGED from com.google.android.gms:play-services-basement:9.2.0:18:5
MERGED from com.android.support:support-v4:23.4.0:20:5
MERGED from com.google.android.gms:play-services-basement:9.2.0:18:5
MERGED from com.android.support:support-v4:23.4.0:20:5
MERGED from com.google.firebase:firebase-auth-module:9.2.0:4:5
MERGED from com.google.android.gms:play-services-base:9.2.0:18:5
MERGED from com.google.android.gms:play-services-basement:9.2.0:18:5
MERGED from com.android.support:support-v4:23.4.0:20:5
MERGED from com.google.android.gms:play-services-tasks:9.2.0:4:5
MERGED from com.google.android.gms:play-services-basement:9.2.0:18:5
MERGED from com.android.support:support-v4:23.4.0:20:5
MERGED from com.google.android.gms:play-services-basement:9.2.0:18:5
MERGED from com.android.support:support-v4:23.4.0:20:5
MERGED from com.google.firebase:firebase-common:9.2.0:4:5
MERGED from com.google.android.gms:play-services-basement:9.2.0:18:5
MERGED from com.android.support:support-v4:23.4.0:20:5
MERGED from com.google.android.gms:play-services-tasks:9.2.0:4:5
MERGED from com.google.android.gms:play-services-basement:9.2.0:18:5
MERGED from com.android.support:support-v4:23.4.0:20:5
MERGED from com.google.firebase:firebase-auth-module:9.2.0:4:5
MERGED from com.google.android.gms:play-services-base:9.2.0:18:5
MERGED from com.google.android.gms:play-services-basement:9.2.0:18:5
MERGED from com.android.support:support-v4:23.4.0:20:5
MERGED from com.google.android.gms:play-services-tasks:9.2.0:4:5
MERGED from com.google.android.gms:play-services-basement:9.2.0:18:5
MERGED from com.android.support:support-v4:23.4.0:20:5
MERGED from com.google.android.gms:play-services-basement:9.2.0:18:5
MERGED from com.android.support:support-v4:23.4.0:20:5
MERGED from com.google.firebase:firebase-database-connection:9.2.0:5:5
MERGED from com.google.android.gms:play-services-base:9.2.0:18:5
MERGED from com.google.android.gms:play-services-basement:9.2.0:18:5
MERGED from com.android.support:support-v4:23.4.0:20:5
MERGED from com.google.android.gms:play-services-tasks:9.2.0:4:5
MERGED from com.google.android.gms:play-services-basement:9.2.0:18:5
MERGED from com.android.support:support-v4:23.4.0:20:5
MERGED from com.google.android.gms:play-services-basement:9.2.0:18:5
MERGED from com.android.support:support-v4:23.4.0:20:5
MERGED from com.google.firebase:firebase-common:9.2.0:4:5
MERGED from com.google.android.gms:play-services-basement:9.2.0:18:5
MERGED from com.android.support:support-v4:23.4.0:20:5
MERGED from com.google.android.gms:play-services-tasks:9.2.0:4:5
MERGED from com.google.android.gms:play-services-basement:9.2.0:18:5
MERGED from com.android.support:support-v4:23.4.0:20:5
MERGED from com.google.firebase:firebase-database:9.2.0:5:5
MERGED from com.google.android.gms:play-services-base:9.2.0:18:5
MERGED from com.google.android.gms:play-services-basement:9.2.0:18:5
MERGED from com.android.support:support-v4:23.4.0:20:5
MERGED from com.google.android.gms:play-services-tasks:9.2.0:4:5
MERGED from com.google.android.gms:play-services-basement:9.2.0:18:5
MERGED from com.android.support:support-v4:23.4.0:20:5
MERGED from com.google.android.gms:play-services-basement:9.2.0:18:5
MERGED from com.android.support:support-v4:23.4.0:20:5
MERGED from com.google.firebase:firebase-database-connection:9.2.0:5:5
MERGED from com.google.android.gms:play-services-base:9.2.0:18:5
MERGED from com.google.android.gms:play-services-basement:9.2.0:18:5
MERGED from com.android.support:support-v4:23.4.0:20:5
MERGED from com.google.android.gms:play-services-tasks:9.2.0:4:5
MERGED from com.google.android.gms:play-services-basement:9.2.0:18:5
MERGED from com.android.support:support-v4:23.4.0:20:5
MERGED from com.google.android.gms:play-services-basement:9.2.0:18:5
MERGED from com.android.support:support-v4:23.4.0:20:5
MERGED from com.google.firebase:firebase-common:9.2.0:4:5
MERGED from com.google.android.gms:play-services-basement:9.2.0:18:5
MERGED from com.android.support:support-v4:23.4.0:20:5
MERGED from com.google.android.gms:play-services-tasks:9.2.0:4:5
MERGED from com.google.android.gms:play-services-basement:9.2.0:18:5
MERGED from com.android.support:support-v4:23.4.0:20:5
MERGED from com.google.firebase:firebase-common:9.2.0:4:5
MERGED from com.google.android.gms:play-services-basement:9.2.0:18:5
MERGED from com.android.support:support-v4:23.4.0:20:5
MERGED from com.google.android.gms:play-services-tasks:9.2.0:4:5
MERGED from com.google.android.gms:play-services-basement:9.2.0:18:5
MERGED from com.android.support:support-v4:23.4.0:20:5
MERGED from com.google.android.gms:play-services-tasks:9.2.0:4:5
MERGED from com.google.android.gms:play-services-basement:9.2.0:18:5
MERGED from com.android.support:support-v4:23.4.0:20:5
MERGED from com.google.firebase:firebase-iid:9.2.0:18:5
MERGED from com.google.android.gms:play-services-basement:9.2.0:18:5
MERGED from com.android.support:support-v4:23.4.0:20:5
MERGED from com.google.firebase:firebase-common:9.2.0:4:5
MERGED from com.google.android.gms:play-services-basement:9.2.0:18:5
MERGED from com.android.support:support-v4:23.4.0:20:5
MERGED from com.google.android.gms:play-services-tasks:9.2.0:4:5
MERGED from com.google.android.gms:play-services-basement:9.2.0:18:5
MERGED from com.android.support:support-v4:23.4.0:20:5
MERGED from com.google.firebase:firebase-messaging:9.2.0:18:5
MERGED from com.google.android.gms:play-services-basement:9.2.0:18:5
MERGED from com.android.support:support-v4:23.4.0:20:5
MERGED from com.google.firebase:firebase-iid:9.2.0:18:5
MERGED from com.google.android.gms:play-services-basement:9.2.0:18:5
MERGED from com.android.support:support-v4:23.4.0:20:5
MERGED from com.google.firebase:firebase-common:9.2.0:4:5
MERGED from com.google.android.gms:play-services-basement:9.2.0:18:5
MERGED from com.android.support:support-v4:23.4.0:20:5
MERGED from com.google.android.gms:play-services-tasks:9.2.0:4:5
MERGED from com.google.android.gms:play-services-basement:9.2.0:18:5
MERGED from com.android.support:support-v4:23.4.0:20:5
MERGED from com.google.firebase:firebase-common:9.2.0:4:5
MERGED from com.google.android.gms:play-services-basement:9.2.0:18:5
MERGED from com.android.support:support-v4:23.4.0:20:5
MERGED from com.google.android.gms:play-services-tasks:9.2.0:4:5
MERGED from com.google.android.gms:play-services-basement:9.2.0:18:5
MERGED from com.android.support:support-v4:23.4.0:20:5
MERGED from com.google.firebase:firebase-storage:9.2.0:5:5
MERGED from com.google.android.gms:play-services-base:9.2.0:18:5
MERGED from com.google.android.gms:play-services-basement:9.2.0:18:5
MERGED from com.android.support:support-v4:23.4.0:20:5
MERGED from com.google.android.gms:play-services-tasks:9.2.0:4:5
MERGED from com.google.android.gms:play-services-basement:9.2.0:18:5
MERGED from com.android.support:support-v4:23.4.0:20:5
MERGED from com.google.android.gms:play-services-basement:9.2.0:18:5
MERGED from com.android.support:support-v4:23.4.0:20:5
MERGED from com.google.firebase:firebase-storage-common:9.2.0:5:5
MERGED from com.google.android.gms:play-services-base:9.2.0:18:5
MERGED from com.google.android.gms:play-services-basement:9.2.0:18:5
MERGED from com.android.support:support-v4:23.4.0:20:5
MERGED from com.google.android.gms:play-services-tasks:9.2.0:4:5
MERGED from com.google.android.gms:play-services-basement:9.2.0:18:5
MERGED from com.android.support:support-v4:23.4.0:20:5
MERGED from com.google.android.gms:play-services-basement:9.2.0:18:5
MERGED from com.android.support:support-v4:23.4.0:20:5
MERGED from com.google.firebase:firebase-common:9.2.0:4:5
MERGED from com.google.android.gms:play-services-basement:9.2.0:18:5
MERGED from com.android.support:support-v4:23.4.0:20:5
MERGED from com.google.android.gms:play-services-tasks:9.2.0:4:5
MERGED from com.google.android.gms:play-services-basement:9.2.0:18:5
MERGED from com.android.support:support-v4:23.4.0:20:5
MERGED from com.google.android.gms:play-services-tasks:9.2.0:4:5
MERGED from com.google.android.gms:play-services-basement:9.2.0:18:5
MERGED from com.android.support:support-v4:23.4.0:20:5
MERGED from com.google.firebase:firebase-storage-common:9.2.0:5:5
MERGED from com.google.android.gms:play-services-base:9.2.0:18:5
MERGED from com.google.android.gms:play-services-basement:9.2.0:18:5
MERGED from com.android.support:support-v4:23.4.0:20:5
MERGED from com.google.android.gms:play-services-tasks:9.2.0:4:5
MERGED from com.google.android.gms:play-services-basement:9.2.0:18:5
MERGED from com.android.support:support-v4:23.4.0:20:5
MERGED from com.google.android.gms:play-services-basement:9.2.0:18:5
MERGED from com.android.support:support-v4:23.4.0:20:5
MERGED from com.google.firebase:firebase-common:9.2.0:4:5
MERGED from com.google.android.gms:play-services-basement:9.2.0:18:5
MERGED from com.android.support:support-v4:23.4.0:20:5
MERGED from com.google.android.gms:play-services-tasks:9.2.0:4:5